TMS320C2000 Assembler PC v16.9.6 Tue Jan 30 22:35:59 2018

Tools Copyright (c) 1996-2017 Texas Instruments Incorporated
C:\Users\Zulolo\AppData\Local\Temp\{D0660E1F-73E8-49A7-BA64-8A5DFB6EA6E8} PAGE    1

       1              ;***************************************************************
       2              ;* TMS320C2000 C/C++ Codegen                    PC v16.9.6.LTS *
       3              ;* Date/Time created: Tue Jan 30 22:35:59 2018                 *
       4              ;***************************************************************
       5                      .compiler_opts --abi=coffabi --float_support=softlib --hll_source=on --mem_model:code=flat --mem_mode
       6                      .asg    XAR2, FP
       7              
       8              $C$DW$CU        .dwtag  DW_TAG_compile_unit
       9                      .dwattr $C$DW$CU, DW_AT_name("D:/ti/motorware/motorware_1_01_00_18/sw/modules/pid/src/32b/pid.c")
      10                      .dwattr $C$DW$CU, DW_AT_producer("TI TMS320C2000 C/C++ Codegen PC v16.9.6.LTS Copyright (c) 1996-2017
      11                      .dwattr $C$DW$CU, DW_AT_TI_version(0x01)
      12                      .dwattr $C$DW$CU, DW_AT_comp_dir("G:\code\c\ccs\remote_car\Flash")
      13              ;       D:\ti\ccsv7\tools\compiler\ti-cgt-c2000_16.9.6.LTS\bin\opt2000.exe C:\\Users\\Zulolo\\AppData\\Local\
      14              ;       D:\ti\ccsv7\tools\compiler\ti-cgt-c2000_16.9.6.LTS\bin\ac2000.exe -@C:\\Users\\Zulolo\\AppData\\Local
      15 00000000               .sect   ".text"
      16                      .clink
      17                      .global _PID_init
      18              
      19              $C$DW$1 .dwtag  DW_TAG_subprogram
      20                      .dwattr $C$DW$1, DW_AT_name("PID_init")
      21                      .dwattr $C$DW$1, DW_AT_low_pc(_PID_init)
      22                      .dwattr $C$DW$1, DW_AT_high_pc(0x00)
      23                      .dwattr $C$DW$1, DW_AT_TI_symbol_name("_PID_init")
      24                      .dwattr $C$DW$1, DW_AT_external
      25                      .dwattr $C$DW$1, DW_AT_type(*$C$DW$T$23)
      26                      .dwattr $C$DW$1, DW_AT_TI_begin_file("D:/ti/motorware/motorware_1_01_00_18/sw/modules/pid/src/32b/pid
      27                      .dwattr $C$DW$1, DW_AT_TI_begin_line(0x38)
      28                      .dwattr $C$DW$1, DW_AT_TI_begin_column(0x0c)
      29                      .dwattr $C$DW$1, DW_AT_TI_max_frame_size(-2)
      30                      .dwpsn  file "D:/ti/motorware/motorware_1_01_00_18/sw/modules/pid/src/32b/pid.c",line 57,column 1,is_
      31              
      32                      .dwfde $C$DW$CIE, _PID_init
      33              $C$DW$2 .dwtag  DW_TAG_formal_parameter
      34                      .dwattr $C$DW$2, DW_AT_name("pMemory")
      35                      .dwattr $C$DW$2, DW_AT_TI_symbol_name("_pMemory")
      36                      .dwattr $C$DW$2, DW_AT_type(*$C$DW$T$3)
      37                      .dwattr $C$DW$2, DW_AT_location[DW_OP_reg12]
      38              
      39              $C$DW$3 .dwtag  DW_TAG_formal_parameter
      40                      .dwattr $C$DW$3, DW_AT_name("numBytes")
      41                      .dwattr $C$DW$3, DW_AT_TI_symbol_name("_numBytes")
      42                      .dwattr $C$DW$3, DW_AT_type(*$C$DW$T$24)
      43                      .dwattr $C$DW$3, DW_AT_location[DW_OP_reg0]
      44              
      45              
      46              ;***************************************************************
      47              ;* FNAME: _PID_init                     FR SIZE:   0           *
      48              ;*                                                             *
      49              ;* FUNCTION ENVIRONMENT                                        *
      50              ;*                                                             *
      51              ;* FUNCTION PROPERTIES                                         *
      52              ;*                            0 Parameter,  0 Auto,  0 SOE     *
      53              ;***************************************************************
      54              
      55              _PID_init:
TMS320C2000 Assembler PC v16.9.6 Tue Jan 30 22:35:59 2018

Tools Copyright (c) 1996-2017 Texas Instruments Incorporated
C:\Users\Zulolo\AppData\Local\Temp\{D0660E1F-73E8-49A7-BA64-8A5DFB6EA6E8} PAGE    2

      56              ;* AR4   assigned to _pMemory
      57              $C$DW$4 .dwtag  DW_TAG_variable
      58                      .dwattr $C$DW$4, DW_AT_name("pMemory")
      59                      .dwattr $C$DW$4, DW_AT_TI_symbol_name("_pMemory")
      60                      .dwattr $C$DW$4, DW_AT_type(*$C$DW$T$28)
      61                      .dwattr $C$DW$4, DW_AT_location[DW_OP_reg12]
      62              
      63              ;* AR6   assigned to _numBytes
      64              $C$DW$5 .dwtag  DW_TAG_variable
      65                      .dwattr $C$DW$5, DW_AT_name("numBytes")
      66                      .dwattr $C$DW$5, DW_AT_TI_symbol_name("_numBytes")
      67                      .dwattr $C$DW$5, DW_AT_type(*$C$DW$T$25)
      68                      .dwattr $C$DW$5, DW_AT_location[DW_OP_reg16]
      69              
      70                      .dwcfi  cfa_offset, -2
      71                      .dwcfi  save_reg_to_mem, 26, 0
      72 00000000 1EA6          MOVL      XAR6,ACC              ; [CPU_] |57| 
      73                      .dwpsn  file "D:/ti/motorware/motorware_1_01_00_18/sw/modules/pid/src/32b/pid.c",line 61,column 3,is_
      74 00000001 0210          MOVB      ACC,#16               ; [CPU_] |61| 
      75 00000002 0FA6          CMPL      ACC,XAR6              ; [CPU_] |61| 
      76 00000003 6903          B         $C$L1,LOS             ; [CPU_] |61| 
      77                      ; branchcc occurs ; [] |61| 
      78                      .dwcfi  remember_state
      79                      .dwpsn  file "D:/ti/motorware/motorware_1_01_00_18/sw/modules/pid/src/32b/pid.c",line 62,column 5,is_
      80 00000004 D400          MOVB      XAR4,#0               ; [CPU_] |62| 
      81              $C$DW$6 .dwtag  DW_TAG_TI_branch
      82                      .dwattr $C$DW$6, DW_AT_low_pc(0x00)
      83                      .dwattr $C$DW$6, DW_AT_TI_return
      84              
      85 00000005 0006          LRETR     ; [CPU_] 
      86                      ; return occurs ; [] 
      87                      .dwcfi  restore_state
      88 00000006       $C$L1:    
      89                      .dwpsn  file "D:/ti/motorware/motorware_1_01_00_18/sw/modules/pid/src/32b/pid.h",line 413,column 3,is
      90 00000006 0200          MOVB      ACC,#0                ; [CPU_] |413| 
      91                      .dwpsn  file "D:/ti/motorware/motorware_1_01_00_18/sw/modules/pid/src/32b/pid.h",line 400,column 3,is
      92 00000007 D008          MOVB      XAR0,#8               ; [CPU_] |400| 
      93                      .dwpsn  file "D:/ti/motorware/motorware_1_01_00_18/sw/modules/pid/src/32b/pid.h",line 413,column 3,is
      94 00000008 1EF4          MOVL      *+XAR4[6],ACC         ; [CPU_] |413| 
      95                      .dwpsn  file "D:/ti/motorware/motorware_1_01_00_18/sw/modules/pid/src/32b/pid.h",line 400,column 3,is
      96 00000009 1E94          MOVL      *+XAR4[AR0],ACC       ; [CPU_] |400| 
      97                      .dwpsn  file "D:/ti/motorware/motorware_1_01_00_18/sw/modules/pid/src/32b/pid.h",line 290,column 3,is
      98 0000000a D00A          MOVB      XAR0,#10              ; [CPU_] |290| 
      99 0000000b 1E94          MOVL      *+XAR4[AR0],ACC       ; [CPU_] |290| 
     100              $C$DW$7 .dwtag  DW_TAG_TI_branch
     101                      .dwattr $C$DW$7, DW_AT_low_pc(0x00)
     102                      .dwattr $C$DW$7, DW_AT_TI_return
     103              
     104 0000000c 0006          LRETR     ; [CPU_] 
     105                      ; return occurs ; [] 
     106                      .dwattr $C$DW$1, DW_AT_TI_end_file("D:/ti/motorware/motorware_1_01_00_18/sw/modules/pid/src/32b/pid.c
     107                      .dwattr $C$DW$1, DW_AT_TI_end_line(0x49)
     108                      .dwattr $C$DW$1, DW_AT_TI_end_column(0x01)
     109                      .dwendentry
     110                      .dwendtag $C$DW$1
TMS320C2000 Assembler PC v16.9.6 Tue Jan 30 22:35:59 2018

Tools Copyright (c) 1996-2017 Texas Instruments Incorporated
C:\Users\Zulolo\AppData\Local\Temp\{D0660E1F-73E8-49A7-BA64-8A5DFB6EA6E8} PAGE    3

     111              
     112              
     113              ;***************************************************************
     114              ;* TYPE INFORMATION                                            *
     115              ;***************************************************************
     116              
     117              $C$DW$T$20      .dwtag  DW_TAG_structure_type
     118                      .dwattr $C$DW$T$20, DW_AT_name("_PID_Obj_")
     119                      .dwattr $C$DW$T$20, DW_AT_byte_size(0x10)
     120              $C$DW$8 .dwtag  DW_TAG_member
     121                      .dwattr $C$DW$8, DW_AT_type(*$C$DW$T$19)
     122                      .dwattr $C$DW$8, DW_AT_name("Kp")
     123                      .dwattr $C$DW$8, DW_AT_TI_symbol_name("_Kp")
     124                      .dwattr $C$DW$8, DW_AT_data_member_location[DW_OP_plus_uconst 0x0]
     125                      .dwattr $C$DW$8, DW_AT_accessibility(DW_ACCESS_public)
     126              
     127              $C$DW$9 .dwtag  DW_TAG_member
     128                      .dwattr $C$DW$9, DW_AT_type(*$C$DW$T$19)
     129                      .dwattr $C$DW$9, DW_AT_name("Ki")
     130                      .dwattr $C$DW$9, DW_AT_TI_symbol_name("_Ki")
     131                      .dwattr $C$DW$9, DW_AT_data_member_location[DW_OP_plus_uconst 0x2]
     132                      .dwattr $C$DW$9, DW_AT_accessibility(DW_ACCESS_public)
     133              
     134              $C$DW$10        .dwtag  DW_TAG_member
     135                      .dwattr $C$DW$10, DW_AT_type(*$C$DW$T$19)
     136                      .dwattr $C$DW$10, DW_AT_name("Kd")
     137                      .dwattr $C$DW$10, DW_AT_TI_symbol_name("_Kd")
     138                      .dwattr $C$DW$10, DW_AT_data_member_location[DW_OP_plus_uconst 0x4]
     139                      .dwattr $C$DW$10, DW_AT_accessibility(DW_ACCESS_public)
     140              
     141              $C$DW$11        .dwtag  DW_TAG_member
     142                      .dwattr $C$DW$11, DW_AT_type(*$C$DW$T$19)
     143                      .dwattr $C$DW$11, DW_AT_name("Ui")
     144                      .dwattr $C$DW$11, DW_AT_TI_symbol_name("_Ui")
     145                      .dwattr $C$DW$11, DW_AT_data_member_location[DW_OP_plus_uconst 0x6]
     146                      .dwattr $C$DW$11, DW_AT_accessibility(DW_ACCESS_public)
     147              
     148              $C$DW$12        .dwtag  DW_TAG_member
     149                      .dwattr $C$DW$12, DW_AT_type(*$C$DW$T$19)
     150                      .dwattr $C$DW$12, DW_AT_name("refValue")
     151                      .dwattr $C$DW$12, DW_AT_TI_symbol_name("_refValue")
     152                      .dwattr $C$DW$12, DW_AT_data_member_location[DW_OP_plus_uconst 0x8]
     153                      .dwattr $C$DW$12, DW_AT_accessibility(DW_ACCESS_public)
     154              
     155              $C$DW$13        .dwtag  DW_TAG_member
     156                      .dwattr $C$DW$13, DW_AT_type(*$C$DW$T$19)
     157                      .dwattr $C$DW$13, DW_AT_name("fbackValue")
     158                      .dwattr $C$DW$13, DW_AT_TI_symbol_name("_fbackValue")
     159                      .dwattr $C$DW$13, DW_AT_data_member_location[DW_OP_plus_uconst 0xa]
     160                      .dwattr $C$DW$13, DW_AT_accessibility(DW_ACCESS_public)
     161              
     162              $C$DW$14        .dwtag  DW_TAG_member
     163                      .dwattr $C$DW$14, DW_AT_type(*$C$DW$T$19)
     164                      .dwattr $C$DW$14, DW_AT_name("outMin")
     165                      .dwattr $C$DW$14, DW_AT_TI_symbol_name("_outMin")
TMS320C2000 Assembler PC v16.9.6 Tue Jan 30 22:35:59 2018

Tools Copyright (c) 1996-2017 Texas Instruments Incorporated
C:\Users\Zulolo\AppData\Local\Temp\{D0660E1F-73E8-49A7-BA64-8A5DFB6EA6E8} PAGE    4

     166                      .dwattr $C$DW$14, DW_AT_data_member_location[DW_OP_plus_uconst 0xc]
     167                      .dwattr $C$DW$14, DW_AT_accessibility(DW_ACCESS_public)
     168              
     169              $C$DW$15        .dwtag  DW_TAG_member
     170                      .dwattr $C$DW$15, DW_AT_type(*$C$DW$T$19)
     171                      .dwattr $C$DW$15, DW_AT_name("outMax")
     172                      .dwattr $C$DW$15, DW_AT_TI_symbol_name("_outMax")
     173                      .dwattr $C$DW$15, DW_AT_data_member_location[DW_OP_plus_uconst 0xe]
     174                      .dwattr $C$DW$15, DW_AT_accessibility(DW_ACCESS_public)
     175              
     176                      .dwendtag $C$DW$T$20
     177              
     178              $C$DW$T$21      .dwtag  DW_TAG_typedef
     179                      .dwattr $C$DW$T$21, DW_AT_name("PID_Obj")
     180                      .dwattr $C$DW$T$21, DW_AT_type(*$C$DW$T$20)
     181                      .dwattr $C$DW$T$21, DW_AT_language(DW_LANG_C)
     182              
     183              $C$DW$T$22      .dwtag  DW_TAG_pointer_type
     184                      .dwattr $C$DW$T$22, DW_AT_type(*$C$DW$T$20)
     185                      .dwattr $C$DW$T$22, DW_AT_address_class(0x20)
     186              
     187              $C$DW$T$23      .dwtag  DW_TAG_typedef
     188                      .dwattr $C$DW$T$23, DW_AT_name("PID_Handle")
     189                      .dwattr $C$DW$T$23, DW_AT_type(*$C$DW$T$22)
     190                      .dwattr $C$DW$T$23, DW_AT_language(DW_LANG_C)
     191              
     192              $C$DW$T$2       .dwtag  DW_TAG_unspecified_type
     193                      .dwattr $C$DW$T$2, DW_AT_name("void")
     194              
     195              $C$DW$T$3       .dwtag  DW_TAG_pointer_type
     196                      .dwattr $C$DW$T$3, DW_AT_type(*$C$DW$T$2)
     197                      .dwattr $C$DW$T$3, DW_AT_address_class(0x20)
     198              
     199              $C$DW$16        .dwtag  DW_TAG_TI_far_type
     200                      .dwattr $C$DW$16, DW_AT_type(*$C$DW$T$3)
     201              
     202              $C$DW$T$28      .dwtag  DW_TAG_const_type
     203                      .dwattr $C$DW$T$28, DW_AT_type(*$C$DW$16)
     204              
     205              $C$DW$T$4       .dwtag  DW_TAG_base_type
     206                      .dwattr $C$DW$T$4, DW_AT_encoding(DW_ATE_boolean)
     207                      .dwattr $C$DW$T$4, DW_AT_name("bool")
     208                      .dwattr $C$DW$T$4, DW_AT_byte_size(0x01)
     209              
     210              $C$DW$T$5       .dwtag  DW_TAG_base_type
     211                      .dwattr $C$DW$T$5, DW_AT_encoding(DW_ATE_signed_char)
     212                      .dwattr $C$DW$T$5, DW_AT_name("signed char")
     213                      .dwattr $C$DW$T$5, DW_AT_byte_size(0x01)
     214              
     215              $C$DW$T$6       .dwtag  DW_TAG_base_type
     216                      .dwattr $C$DW$T$6, DW_AT_encoding(DW_ATE_unsigned_char)
     217                      .dwattr $C$DW$T$6, DW_AT_name("unsigned char")
     218                      .dwattr $C$DW$T$6, DW_AT_byte_size(0x01)
     219              
     220              $C$DW$T$7       .dwtag  DW_TAG_base_type
TMS320C2000 Assembler PC v16.9.6 Tue Jan 30 22:35:59 2018

Tools Copyright (c) 1996-2017 Texas Instruments Incorporated
C:\Users\Zulolo\AppData\Local\Temp\{D0660E1F-73E8-49A7-BA64-8A5DFB6EA6E8} PAGE    5

     221                      .dwattr $C$DW$T$7, DW_AT_encoding(DW_ATE_signed_char)
     222                      .dwattr $C$DW$T$7, DW_AT_name("wchar_t")
     223                      .dwattr $C$DW$T$7, DW_AT_byte_size(0x01)
     224              
     225              $C$DW$T$8       .dwtag  DW_TAG_base_type
     226                      .dwattr $C$DW$T$8, DW_AT_encoding(DW_ATE_signed)
     227                      .dwattr $C$DW$T$8, DW_AT_name("short")
     228                      .dwattr $C$DW$T$8, DW_AT_byte_size(0x01)
     229              
     230              $C$DW$T$9       .dwtag  DW_TAG_base_type
     231                      .dwattr $C$DW$T$9, DW_AT_encoding(DW_ATE_unsigned)
     232                      .dwattr $C$DW$T$9, DW_AT_name("unsigned short")
     233                      .dwattr $C$DW$T$9, DW_AT_byte_size(0x01)
     234              
     235              $C$DW$T$10      .dwtag  DW_TAG_base_type
     236                      .dwattr $C$DW$T$10, DW_AT_encoding(DW_ATE_signed)
     237                      .dwattr $C$DW$T$10, DW_AT_name("int")
     238                      .dwattr $C$DW$T$10, DW_AT_byte_size(0x01)
     239              
     240              $C$DW$T$11      .dwtag  DW_TAG_base_type
     241                      .dwattr $C$DW$T$11, DW_AT_encoding(DW_ATE_unsigned)
     242                      .dwattr $C$DW$T$11, DW_AT_name("unsigned int")
     243                      .dwattr $C$DW$T$11, DW_AT_byte_size(0x01)
     244              
     245              $C$DW$T$12      .dwtag  DW_TAG_base_type
     246                      .dwattr $C$DW$T$12, DW_AT_encoding(DW_ATE_signed)
     247                      .dwattr $C$DW$T$12, DW_AT_name("long")
     248                      .dwattr $C$DW$T$12, DW_AT_byte_size(0x02)
     249              
     250              $C$DW$T$19      .dwtag  DW_TAG_typedef
     251                      .dwattr $C$DW$T$19, DW_AT_name("_iq")
     252                      .dwattr $C$DW$T$19, DW_AT_type(*$C$DW$T$12)
     253                      .dwattr $C$DW$T$19, DW_AT_language(DW_LANG_C)
     254              
     255              $C$DW$T$13      .dwtag  DW_TAG_base_type
     256                      .dwattr $C$DW$T$13, DW_AT_encoding(DW_ATE_unsigned)
     257                      .dwattr $C$DW$T$13, DW_AT_name("unsigned long")
     258                      .dwattr $C$DW$T$13, DW_AT_byte_size(0x02)
     259              
     260              $C$DW$T$24      .dwtag  DW_TAG_typedef
     261                      .dwattr $C$DW$T$24, DW_AT_name("size_t")
     262                      .dwattr $C$DW$T$24, DW_AT_type(*$C$DW$T$13)
     263                      .dwattr $C$DW$T$24, DW_AT_language(DW_LANG_C)
     264              
     265              $C$DW$17        .dwtag  DW_TAG_TI_far_type
     266                      .dwattr $C$DW$17, DW_AT_type(*$C$DW$T$24)
     267              
     268              $C$DW$T$25      .dwtag  DW_TAG_const_type
     269                      .dwattr $C$DW$T$25, DW_AT_type(*$C$DW$17)
     270              
     271              $C$DW$T$14      .dwtag  DW_TAG_base_type
     272                      .dwattr $C$DW$T$14, DW_AT_encoding(DW_ATE_signed)
     273                      .dwattr $C$DW$T$14, DW_AT_name("long long")
     274                      .dwattr $C$DW$T$14, DW_AT_byte_size(0x04)
     275              
TMS320C2000 Assembler PC v16.9.6 Tue Jan 30 22:35:59 2018

Tools Copyright (c) 1996-2017 Texas Instruments Incorporated
C:\Users\Zulolo\AppData\Local\Temp\{D0660E1F-73E8-49A7-BA64-8A5DFB6EA6E8} PAGE    6

     276              $C$DW$T$15      .dwtag  DW_TAG_base_type
     277                      .dwattr $C$DW$T$15, DW_AT_encoding(DW_ATE_unsigned)
     278                      .dwattr $C$DW$T$15, DW_AT_name("unsigned long long")
     279                      .dwattr $C$DW$T$15, DW_AT_byte_size(0x04)
     280              
     281              $C$DW$T$16      .dwtag  DW_TAG_base_type
     282                      .dwattr $C$DW$T$16, DW_AT_encoding(DW_ATE_float)
     283                      .dwattr $C$DW$T$16, DW_AT_name("float")
     284                      .dwattr $C$DW$T$16, DW_AT_byte_size(0x02)
     285              
     286              $C$DW$T$17      .dwtag  DW_TAG_base_type
     287                      .dwattr $C$DW$T$17, DW_AT_encoding(DW_ATE_float)
     288                      .dwattr $C$DW$T$17, DW_AT_name("double")
     289                      .dwattr $C$DW$T$17, DW_AT_byte_size(0x02)
     290              
     291              $C$DW$T$18      .dwtag  DW_TAG_base_type
     292                      .dwattr $C$DW$T$18, DW_AT_encoding(DW_ATE_float)
     293                      .dwattr $C$DW$T$18, DW_AT_name("long double")
     294                      .dwattr $C$DW$T$18, DW_AT_byte_size(0x04)
     295              
     296                      .dwattr $C$DW$CU, DW_AT_language(DW_LANG_C)
     297              
     298              ;***************************************************************
     299              ;* DWARF CIE ENTRIES                                           *
     300              ;***************************************************************
     301              
     302              $C$DW$CIE       .dwcie 26
     303                      .dwcfi  cfa_register, 20
     304                      .dwcfi  cfa_offset, 0
     305                      .dwcfi  same_value, 28
     306                      .dwcfi  same_value, 6
     307                      .dwcfi  same_value, 7
     308                      .dwcfi  same_value, 8
     309                      .dwcfi  same_value, 9
     310                      .dwcfi  same_value, 10
     311                      .dwcfi  same_value, 11
     312                      .dwendentry
     313              
     314              ;***************************************************************
     315              ;* DWARF REGISTER MAP                                          *
     316              ;***************************************************************
     317              
     318              $C$DW$18        .dwtag  DW_TAG_TI_assign_register
     319                      .dwattr $C$DW$18, DW_AT_name("AL")
     320                      .dwattr $C$DW$18, DW_AT_location[DW_OP_reg0]
     321              
     322              $C$DW$19        .dwtag  DW_TAG_TI_assign_register
     323                      .dwattr $C$DW$19, DW_AT_name("AH")
     324                      .dwattr $C$DW$19, DW_AT_location[DW_OP_reg1]
     325              
     326              $C$DW$20        .dwtag  DW_TAG_TI_assign_register
     327                      .dwattr $C$DW$20, DW_AT_name("PL")
     328                      .dwattr $C$DW$20, DW_AT_location[DW_OP_reg2]
     329              
     330              $C$DW$21        .dwtag  DW_TAG_TI_assign_register
TMS320C2000 Assembler PC v16.9.6 Tue Jan 30 22:35:59 2018

Tools Copyright (c) 1996-2017 Texas Instruments Incorporated
C:\Users\Zulolo\AppData\Local\Temp\{D0660E1F-73E8-49A7-BA64-8A5DFB6EA6E8} PAGE    7

     331                      .dwattr $C$DW$21, DW_AT_name("PH")
     332                      .dwattr $C$DW$21, DW_AT_location[DW_OP_reg3]
     333              
     334              $C$DW$22        .dwtag  DW_TAG_TI_assign_register
     335                      .dwattr $C$DW$22, DW_AT_name("SP")
     336                      .dwattr $C$DW$22, DW_AT_location[DW_OP_reg20]
     337              
     338              $C$DW$23        .dwtag  DW_TAG_TI_assign_register
     339                      .dwattr $C$DW$23, DW_AT_name("XT")
     340                      .dwattr $C$DW$23, DW_AT_location[DW_OP_reg21]
     341              
     342              $C$DW$24        .dwtag  DW_TAG_TI_assign_register
     343                      .dwattr $C$DW$24, DW_AT_name("T")
     344                      .dwattr $C$DW$24, DW_AT_location[DW_OP_reg22]
     345              
     346              $C$DW$25        .dwtag  DW_TAG_TI_assign_register
     347                      .dwattr $C$DW$25, DW_AT_name("ST0")
     348                      .dwattr $C$DW$25, DW_AT_location[DW_OP_reg23]
     349              
     350              $C$DW$26        .dwtag  DW_TAG_TI_assign_register
     351                      .dwattr $C$DW$26, DW_AT_name("ST1")
     352                      .dwattr $C$DW$26, DW_AT_location[DW_OP_reg24]
     353              
     354              $C$DW$27        .dwtag  DW_TAG_TI_assign_register
     355                      .dwattr $C$DW$27, DW_AT_name("PC")
     356                      .dwattr $C$DW$27, DW_AT_location[DW_OP_reg25]
     357              
     358              $C$DW$28        .dwtag  DW_TAG_TI_assign_register
     359                      .dwattr $C$DW$28, DW_AT_name("RPC")
     360                      .dwattr $C$DW$28, DW_AT_location[DW_OP_reg26]
     361              
     362              $C$DW$29        .dwtag  DW_TAG_TI_assign_register
     363                      .dwattr $C$DW$29, DW_AT_name("FP")
     364                      .dwattr $C$DW$29, DW_AT_location[DW_OP_reg28]
     365              
     366              $C$DW$30        .dwtag  DW_TAG_TI_assign_register
     367                      .dwattr $C$DW$30, DW_AT_name("DP")
     368                      .dwattr $C$DW$30, DW_AT_location[DW_OP_reg29]
     369              
     370              $C$DW$31        .dwtag  DW_TAG_TI_assign_register
     371                      .dwattr $C$DW$31, DW_AT_name("SXM")
     372                      .dwattr $C$DW$31, DW_AT_location[DW_OP_reg30]
     373              
     374              $C$DW$32        .dwtag  DW_TAG_TI_assign_register
     375                      .dwattr $C$DW$32, DW_AT_name("PM")
     376                      .dwattr $C$DW$32, DW_AT_location[DW_OP_reg31]
     377              
     378              $C$DW$33        .dwtag  DW_TAG_TI_assign_register
     379                      .dwattr $C$DW$33, DW_AT_name("OVM")
     380                      .dwattr $C$DW$33, DW_AT_location[DW_OP_regx 0x20]
     381              
     382              $C$DW$34        .dwtag  DW_TAG_TI_assign_register
     383                      .dwattr $C$DW$34, DW_AT_name("PAGE0")
     384                      .dwattr $C$DW$34, DW_AT_location[DW_OP_regx 0x21]
     385              
TMS320C2000 Assembler PC v16.9.6 Tue Jan 30 22:35:59 2018

Tools Copyright (c) 1996-2017 Texas Instruments Incorporated
C:\Users\Zulolo\AppData\Local\Temp\{D0660E1F-73E8-49A7-BA64-8A5DFB6EA6E8} PAGE    8

     386              $C$DW$35        .dwtag  DW_TAG_TI_assign_register
     387                      .dwattr $C$DW$35, DW_AT_name("AMODE")
     388                      .dwattr $C$DW$35, DW_AT_location[DW_OP_regx 0x22]
     389              
     390              $C$DW$36        .dwtag  DW_TAG_TI_assign_register
     391                      .dwattr $C$DW$36, DW_AT_name("INTM")
     392                      .dwattr $C$DW$36, DW_AT_location[DW_OP_regx 0x23]
     393              
     394              $C$DW$37        .dwtag  DW_TAG_TI_assign_register
     395                      .dwattr $C$DW$37, DW_AT_name("IFR")
     396                      .dwattr $C$DW$37, DW_AT_location[DW_OP_regx 0x24]
     397              
     398              $C$DW$38        .dwtag  DW_TAG_TI_assign_register
     399                      .dwattr $C$DW$38, DW_AT_name("IER")
     400                      .dwattr $C$DW$38, DW_AT_location[DW_OP_regx 0x25]
     401              
     402              $C$DW$39        .dwtag  DW_TAG_TI_assign_register
     403                      .dwattr $C$DW$39, DW_AT_name("V")
     404                      .dwattr $C$DW$39, DW_AT_location[DW_OP_regx 0x26]
     405              
     406              $C$DW$40        .dwtag  DW_TAG_TI_assign_register
     407                      .dwattr $C$DW$40, DW_AT_name("PSEUDOH")
     408                      .dwattr $C$DW$40, DW_AT_location[DW_OP_regx 0x4c]
     409              
     410              $C$DW$41        .dwtag  DW_TAG_TI_assign_register
     411                      .dwattr $C$DW$41, DW_AT_name("VOL")
     412                      .dwattr $C$DW$41, DW_AT_location[DW_OP_regx 0x4d]
     413              
     414              $C$DW$42        .dwtag  DW_TAG_TI_assign_register
     415                      .dwattr $C$DW$42, DW_AT_name("AR0")
     416                      .dwattr $C$DW$42, DW_AT_location[DW_OP_reg4]
     417              
     418              $C$DW$43        .dwtag  DW_TAG_TI_assign_register
     419                      .dwattr $C$DW$43, DW_AT_name("XAR0")
     420                      .dwattr $C$DW$43, DW_AT_location[DW_OP_reg5]
     421              
     422              $C$DW$44        .dwtag  DW_TAG_TI_assign_register
     423                      .dwattr $C$DW$44, DW_AT_name("AR1")
     424                      .dwattr $C$DW$44, DW_AT_location[DW_OP_reg6]
     425              
     426              $C$DW$45        .dwtag  DW_TAG_TI_assign_register
     427                      .dwattr $C$DW$45, DW_AT_name("XAR1")
     428                      .dwattr $C$DW$45, DW_AT_location[DW_OP_reg7]
     429              
     430              $C$DW$46        .dwtag  DW_TAG_TI_assign_register
     431                      .dwattr $C$DW$46, DW_AT_name("AR2")
     432                      .dwattr $C$DW$46, DW_AT_location[DW_OP_reg8]
     433              
     434              $C$DW$47        .dwtag  DW_TAG_TI_assign_register
     435                      .dwattr $C$DW$47, DW_AT_name("XAR2")
     436                      .dwattr $C$DW$47, DW_AT_location[DW_OP_reg9]
     437              
     438              $C$DW$48        .dwtag  DW_TAG_TI_assign_register
     439                      .dwattr $C$DW$48, DW_AT_name("AR3")
     440                      .dwattr $C$DW$48, DW_AT_location[DW_OP_reg10]
TMS320C2000 Assembler PC v16.9.6 Tue Jan 30 22:35:59 2018

Tools Copyright (c) 1996-2017 Texas Instruments Incorporated
C:\Users\Zulolo\AppData\Local\Temp\{D0660E1F-73E8-49A7-BA64-8A5DFB6EA6E8} PAGE    9

     441              
     442              $C$DW$49        .dwtag  DW_TAG_TI_assign_register
     443                      .dwattr $C$DW$49, DW_AT_name("XAR3")
     444                      .dwattr $C$DW$49, DW_AT_location[DW_OP_reg11]
     445              
     446              $C$DW$50        .dwtag  DW_TAG_TI_assign_register
     447                      .dwattr $C$DW$50, DW_AT_name("AR4")
     448                      .dwattr $C$DW$50, DW_AT_location[DW_OP_reg12]
     449              
     450              $C$DW$51        .dwtag  DW_TAG_TI_assign_register
     451                      .dwattr $C$DW$51, DW_AT_name("XAR4")
     452                      .dwattr $C$DW$51, DW_AT_location[DW_OP_reg13]
     453              
     454              $C$DW$52        .dwtag  DW_TAG_TI_assign_register
     455                      .dwattr $C$DW$52, DW_AT_name("AR5")
     456                      .dwattr $C$DW$52, DW_AT_location[DW_OP_reg14]
     457              
     458              $C$DW$53        .dwtag  DW_TAG_TI_assign_register
     459                      .dwattr $C$DW$53, DW_AT_name("XAR5")
     460                      .dwattr $C$DW$53, DW_AT_location[DW_OP_reg15]
     461              
     462              $C$DW$54        .dwtag  DW_TAG_TI_assign_register
     463                      .dwattr $C$DW$54, DW_AT_name("AR6")
     464                      .dwattr $C$DW$54, DW_AT_location[DW_OP_reg16]
     465              
     466              $C$DW$55        .dwtag  DW_TAG_TI_assign_register
     467                      .dwattr $C$DW$55, DW_AT_name("XAR6")
     468                      .dwattr $C$DW$55, DW_AT_location[DW_OP_reg17]
     469              
     470              $C$DW$56        .dwtag  DW_TAG_TI_assign_register
     471                      .dwattr $C$DW$56, DW_AT_name("AR7")
     472                      .dwattr $C$DW$56, DW_AT_location[DW_OP_reg18]
     473              
     474              $C$DW$57        .dwtag  DW_TAG_TI_assign_register
     475                      .dwattr $C$DW$57, DW_AT_name("XAR7")
     476                      .dwattr $C$DW$57, DW_AT_location[DW_OP_reg19]
     477              
     478                      .dwendtag $C$DW$CU
     479              

No Assembly Errors, No Assembly Warnings
